708
1994
2686
2800
3155
3246
3581
4040
4174
4236
4258
4333
4376
4383
4691
4711
4746
4758
4771
4797
4842
4920
4991
5006
5051
5265
5573
5600
5998
6041
6244
6248
6293
6299
6390
6477
6489
6538
6674
6696
6888
7069
7103
7549
7608
7726
8096
8099
8195
8433
8466
8471
8486
8517
8558
8560
8607
8638
8674
8676
8696
8705
8708
8721
8729
8738
8758
8829
8844
8859
8875
8878
8906
8918
8928
8959
9000
9010
9020
9032
9056
9068
9510
9694
9874
9978
10062
10065
10130
10149
10150
10168
10337
10346
10392
10405
10411
10418
10425
10435
10438
10450
10452
10459
10482
10483
10512
10522
10525
10540
10542
10547
10550
10558
10574
10577
10589
10598
10600
10621
10624
10625
10626
10627
10636
10655
10662
10668
10675
10692
10695
10703
10707
10708
10713
10714
10715
10716
10721
10723
10724
10725
10727
10728
10729
10730
10731
10732
10742
10746
10747
10750
10753
10754
10758
10760
10765
10767
10778
10781
10782
10786
10787
10790
10799
10800
10802
10804
10806
10812
10819
10821
10826
10837
10843
10851
10858
10859
10863
10877
10881
10895
10896
10897
10898
10899
10900
10901
10902
10903
10904
1
2
3
4
5
6
7
8
9
10
11
12
13
14
15
16
17
18
19
20
21
22
23
24
25
26
27
28
29
30
31
32
33
34
35
36
37
38
39
40
41
42
43
44
45
46
48
49
50
51
58
60
61
62
63
69
70
72
77
87
91
92
95
98
101
102
103
107
108
109
110
111
112
113
114
115
116
117
118
125
129
130
165
167
178
185
190
217
303
307
311
326
328
329
330
339
343
349
362
407
460
469
471
472
476
477
478
487
499
504
505
525
528
548
555
566
571
572
586
589
611
613
614
623
631
633
636
642
643
644
647
648
658
660
673
678
683
689
694
700
702
703
704
715
716
717
718
728
729
730
731
732
733
734
735
736
737
738
741
748
749
750
757
763
764
770
776
782
787
789
790
791
794
796
799
808
809
811
813
820
828
831
833
835
837
840
841
843
858
864
865
886
888
889
905
908
910
916
920
927
928
943
948
953
955
962
970
973
979
983
984
1005
1019
1025
1052
1071
1099
1105
1108
1129
1148
1164
1166
1169
1219
1221
1224
1240
1242
1273
1279
1286
1291
1292
1313
1324
1339
1340
1345
1357
1364
1367
1389
1397
1402
1409
1421
1428
1433
1438
1458
1470
1485
1495
1500
1506
1517
1566
1604
1609
1627
1642
1647
1653
1657
1678
1700
1717
1719
1725
1726
1757
1763
1769
1774
1801
1806
1807
1808
1838
1852
1865
1901
1907
1908
1909
1923
1960
1964
1971
1982
2001
2009
2010
2045
2062
2073
2121
2160
2167
2175
2195
2219
2223
2248
2262
2269
2278
2282
2295
2300
2306
2318
2326
2334
2335
2336
2347
2353
2356
2359
2365
2390
2412
2441
2451
2476
2489
2496
2535
2542
2550
2554
2582
2593
2605
2611
2613
2625
2645
2650
2652
2665
2697
2698
2705
2717
2762
2805
2821
2824
2826
2868
2880
2890
2893
2905
2919
2942
2950
2957
2959
2967
2987
2996
3023
3024
3035
3040
3052
3074
3089
3091
3096
3147
3152
3156
3167
3170
3172
3183
3187
3218
3231
3236
3254
3285
3293
3294
3296
3297
3302
3312
3354
3356
3358
3367
3397
3426
3430
3501
3519
3537
3547
3571
3573
3598
3617
3636
3637
3641
3642
3655
3678
3704
3708
3721
3725
3736
3752
3769
3774
3786
3811
3837
3878
3886
3901
3916
3919
3928
3955
3973
4001
4010
4014
4021
4026
4030
4055
4085
4095
4100
4166
4168
4172
4177
4189
4234
4257
4259
4261
4322
4334
4345
4346
4350
4354
4406
4408
4443
4457
4496
4502
4503
4504
4508
4512
4548
4573
4574
4706
4710
4723
4798
4799
4846
4874
4883
4885
4889
4892
4932
4945
4948
4993
4994
5018
5022
5039
5085
5110
5124
5174
5175
5179
5180
5181
5234
5238
5258
5352
5353
5370
5382
5383
5398
5414
5432
5446
5463
5474
5520
5548
5556
5583
5585
5606
5611
5626
5651
5654
5656
5657
5681
5699
5700
5701
5714
5728
5729
5759
5839
5844
5845
5846
5847
5890
5909
5919
5929
5930
5931
5932
5947
5978
5991
5997
6011
6012
6040
6083
6084
6085
6108
6125
6152
6154
6162
6174
6234
6255
6317
6340
6354
6355
6381
6432
6438
6473
6523
6564
6567
6588
6597
6636
6645
6672
6795
6798
6807
6825
6870
6927
6977
6988
7006
7031
7032
7070
7094
7109
7111
7126
7163
7180
7223
7224
7242
7271
7281
7286
7287
7290
7327
7352
7358
7380
7455
7473
7475
7494
7497
7522
7553
7576
7587
7596
7602
7603
7604
7663
7673
7713
7727
7801
7804
7835
7866
7922
7924
7932
7942
7948
7949
7971
7975
8072
8090
8104
8137
8169
8173
8261
8313
8328
8337
8411
8443
8446
8651
9087
9090
9135
9141
9142
9187
9203
9220
9227
9231
9247
9250
9267
9277
9310
9321
9328
9358
9399
9403
9412
9414
9424
9434
9442
9469
9478
9483
9488
9501
9511
9514
9531
9545
9553
9560
9561
9564
9584
9612
9618
9620
9630
9632
9642
9647
9658
9664
9685
9697
9704
9706
9713
9719
9746
9750
9753
9761
9762
9771
9774
9786
9798
9801
9802
9807
9810
9815
9835
9841
9845
9848
9851
9855
9856
9868
9875
9879
9897
9908
9915
9916
9927
9931
9939
9948
9961
9970
9971
9991
9994
9995
9999
10008
10011
10028
10030
10034
10036
10048
10054
10056
10072
10083
10093
10095
10114
10118
10120
10126
10148
10164
10166
10179
10182
10183
10193
10205
10206
10209
10217
10224
10226
10228
10229
10230
10238
10241
10255
10262
10274
10276
10283
10286
10287
10296
10300
10301
10302
10308
10310
10313
10316
10327
10331
10341
10345
10349
10352
10356
10357
10360
10361
10362
10364
10365
10374
10380
10383
10384
10387
10388
10389
10390
10394
10395
10399
10409
10415
10416
10417
10422
10446
10457
10461
10467
10479
10484
10493
10501
10505
10506
10514
10516
10518
10520
10527
10533
10548
10549
10563
10567
10572
10579
10582
10591
10593
10601
10604
10613
10632
10637
10639
10647
10652
10654
10658
10666
10676
10678
10682
10683
10687
10691
10696
10700
10711
10735
10748
10761
10762
10764
10769
10771
10772
10774
10791
10792
10794
10796
10801
10803
10805
10807
10808
10809
10814
10815
10816
10820
10822
10823
10824
10828
10832
10839
10842
10846
10848
10849
10850
10852
10853
10854
10855
10856
10857
10864
10865
10866
10868
10869
10870
10871
10872
10874
10878
10879
10885
10887
10889
10891
